{"level":"error","msg":"Unable to append certificate /etc/certs/certificado_generado.pem to store: unable to generate TLS certificate : tls: failed to find any PEM data in certificate input","time":"2022-03-25T16:32:52Z","tlsStoreName":"default"}
{"level":"error","msg":"Unable to append certificate /etc/certs/certificado_generado.pem to store: unable to generate TLS certificate : tls: failed to find any PEM data in certificate input","time":"2022-03-25T16:32:52Z","tlsStoreName":"default"}
{"entryPointName":"web","level":"error","msg":"error parsing BasicUser: PASSWORD_GENERATED_BY_HOSTINGCANADA","routerName":"api@docker","time":"2022-03-25T16:32:52Z"}
{"entryPointName":"websecure","level":"error","msg":"error parsing BasicUser: PASSWORD_GENERATED_BY_HOSTINGCANADA","routerName":"websecure-api@docker","time":"2022-03-25T16:32:52Z"}
{"entryPointName":"websecure","level":"error","msg":"accept tcp [::]:443: use of closed network connection","time":"2022-03-25T16:33:06Z"}
{"entryPointName":"web","level":"error","msg":"accept tcp [::]:80: use of closed network connection","time":"2022-03-25T16:33:06Z"}
{"entryPointName":"websecure","level":"error","msg":"close tcp [::]:443: use of closed network connection","time":"2022-03-25T16:33:06Z"}
{"entryPointName":"web","level":"error","msg":"close tcp [::]:80: use of closed network connection","time":"2022-03-25T16:33:06Z"}
{"level":"error","msg":"Unable to append certificate /etc/certs/certificado_generado.pem to store: unable to generate TLS certificate : tls: failed to find any PEM data in certificate input","time":"2022-03-25T16:33:51Z","tlsStoreName":"default"}
{"level":"error","msg":"Unable to append certificate /etc/certs/certificado_generado.pem to store: unable to generate TLS certificate : tls: failed to find any PEM data in certificate input","time":"2022-03-25T16:33:51Z","tlsStoreName":"default"}
{"entryPointName":"web","level":"error","msg":"accept tcp [::]:80: use of closed network connection","time":"2022-03-25T16:34:04Z"}
{"entryPointName":"websecure","level":"error","msg":"accept tcp [::]:443: use of closed network connection","time":"2022-03-25T16:34:04Z"}
{"entryPointName":"web","level":"error","msg":"close tcp [::]:80: use of closed network connection","time":"2022-03-25T16:34:04Z"}
{"entryPointName":"websecure","level":"error","msg":"close tcp [::]:443: use of closed network connection","time":"2022-03-25T16:34:04Z"}
{"level":"error","msg":"Unable to append certificate /etc/certs/certificado_generado.pem to store: unable to generate TLS certificate : tls: failed to find any PEM data in certificate input","time":"2022-03-25T16:34:35Z","tlsStoreName":"default"}
{"level":"error","msg":"Unable to append certificate /etc/certs/certificado_generado.pem to store: unable to generate TLS certificate : tls: failed to find any PEM data in certificate input","time":"2022-03-25T16:34:35Z","tlsStoreName":"default"}
{"entryPointName":"web","level":"error","msg":"accept tcp [::]:80: use of closed network connection","time":"2022-03-25T16:36:25Z"}
{"entryPointName":"websecure","level":"error","msg":"accept tcp [::]:443: use of closed network connection","time":"2022-03-25T16:36:25Z"}
{"entryPointName":"web","level":"error","msg":"close tcp [::]:80: use of closed network connection","time":"2022-03-25T16:36:25Z"}
{"entryPointName":"websecure","level":"error","msg":"close tcp [::]:443: use of closed network connection","time":"2022-03-25T16:36:25Z"}
{"level":"error","msg":"Unable to append certificate /etc/certs/certificado_generado.pem to store: unable to generate TLS certificate : tls: failed to find any PEM data in certificate input","time":"2022-03-25T16:36:45Z","tlsStoreName":"default"}
{"level":"error","msg":"Unable to append certificate /etc/certs/certificado_generado.pem to store: unable to generate TLS certificate : tls: failed to find any PEM data in certificate input","time":"2022-03-25T16:36:45Z","tlsStoreName":"default"}
{"level":"error","msg":"Unable to append certificate /etc/certs/certificado_generado.pem to store: unable to generate TLS certificate : tls: failed to find any PEM data in certificate input","time":"2022-03-25T16:42:25Z","tlsStoreName":"default"}
{"level":"error","msg":"Unable to append certificate /etc/certs/certificado_generado.pem to store: unable to generate TLS certificate : tls: failed to find any PEM data in certificate input","time":"2022-03-25T16:42:27Z","tlsStoreName":"default"}
{"level":"error","msg":"Unable to append certificate /etc/certs/certificado_generado.pem to store: unable to generate TLS certificate : tls: failed to find any PEM data in certificate input","time":"2022-03-25T16:49:17Z","tlsStoreName":"default"}
{"level":"error","msg":"Unable to append certificate /etc/certs/certificado_generado.pem to store: unable to generate TLS certificate : tls: failed to find any PEM data in certificate input","time":"2022-03-25T17:03:34Z","tlsStoreName":"default"}
{"level":"error","msg":"Unable to append certificate /etc/certs/certificado_generado.pem to store: unable to generate TLS certificate : tls: failed to find any PEM data in certificate input","time":"2022-03-25T17:03:37Z","tlsStoreName":"default"}
{"level":"error","msg":"Unable to append certificate /etc/certs/certificado_generado.pem to store: unable to generate TLS certificate : tls: failed to find any PEM data in certificate input","time":"2022-03-25T17:03:40Z","tlsStoreName":"default"}
{"entryPointName":"websecure","level":"error","msg":"accept tcp [::]:443: use of closed network connection","time":"2022-03-25T17:03:43Z"}
{"entryPointName":"web","level":"error","msg":"accept tcp [::]:80: use of closed network connection","time":"2022-03-25T17:03:43Z"}
{"entryPointName":"web","level":"error","msg":"close tcp [::]:80: use of closed network connection","time":"2022-03-25T17:03:43Z"}
{"entryPointName":"websecure","level":"error","msg":"close tcp [::]:443: use of closed network connection","time":"2022-03-25T17:03:43Z"}
